<?xml version="1.0" encoding="UTF-8"?>
<testng-results skipped="0" failed="0" ignored="0" total="0" passed="0">
  <reporter-output>
  </reporter-output>
  <suite name="mavenbhaskar.bhaskartest.AppTest" duration-ms="7" started-at="2018-09-05T04:07:12Z" finished-at="2018-09-05T04:07:12Z">
    <groups>
    </groups>
    <test name="Command line test" duration-ms="7" started-at="2018-09-05T04:07:12Z" finished-at="2018-09-05T04:07:12Z">
    </test> <!-- Command line test -->
  </suite> <!-- mavenbhaskar.bhaskartest.AppTest -->
</testng-results>
